<?xml version="1.0" encoding="UTF-8"?>
<!-- Generated by org.testng.reporters.JUnitReportReporter -->
<testsuite hostname="ZMO-MC-PratimaS-01-ka-Mac-mini.local" failures="0" tests="1" name="PratimaS.RestAPITest" time="0.008" errors="0" timestamp="2021-12-01T15:44:02 IST" skipped="0">
  <testcase classname="PratimaS.RestAPITest" name="elementsUI" time="0.008"/>
  <system-out/>
</testsuite> <!-- PratimaS.RestAPITest -->
