<?xml version="1.0" encoding="UTF-8"?>
<!-- Generated by org.testng.reporters.JUnitReportReporter -->
<testsuite hostname="ZMO-MC-PratimaS-01-ka-Mac-mini.local" failures="0" tests="1" name="PratimaS.AppiumTest" time="0.007" errors="0" timestamp="2021-12-01T15:52:34 IST" skipped="0">
  <testcase classname="PratimaS.AppiumTest" name="IOSApps" time="0.007"/>
  <system-out/>
</testsuite> <!-- PratimaS.AppiumTest -->
