<?xml version="1.0" encoding="UTF-8"?>
<!-- Generated by org.testng.reporters.JUnitReportReporter -->
<testsuite hostname="ZMO-MC-PratimaS-01-ka-Mac-mini.local" failures="0" tests="2" name="PratimaS.RestAPITest" time="0.010" errors="0" timestamp="01 Dec 2021 11:45:46 GMT" skipped="0">
  <testcase classname="PratimaS.RestAPITest" name="elementsUI" time="0.001"/>
  <testcase classname="PratimaS.RestAPITest" name="browserAutomation" time="0.009"/>
</testsuite> <!-- PratimaS.RestAPITest -->
