<?xml version="1.0" encoding="UTF-8"?>
<!-- Generated by org.testng.reporters.JUnitReportReporter -->
<testsuite hostname="ZMO-MC-PratimaS-01-ka-Mac-mini.local" failures="0" tests="2" name="PratimaS.SeleniumTest" time="0.001" errors="0" timestamp="01 Dec 2021 11:42:29 GMT" skipped="0">
  <testcase classname="PratimaS.SeleniumTest" name="postJira" time="0.000"/>
  <testcase classname="PratimaS.SeleniumTest" name="deleteTwitter" time="0.001"/>
</testsuite> <!-- PratimaS.SeleniumTest -->
