<?xml version="1.0" encoding="UTF-8"?>
<!-- Generated by org.testng.reporters.JUnitReportReporter -->
<testsuite hostname="ZMO-MC-PratimaS-01-ka-Mac-mini.local" failures="0" tests="2" name="PratimaS.AppiumTest" time="0.001" errors="0" timestamp="01 Dec 2021 11:45:46 GMT" skipped="0">
  <testcase classname="PratimaS.AppiumTest" name="IOSApps" time="0.001"/>
  <testcase classname="PratimaS.AppiumTest" name="NativeAppAndroid" time="0.000"/>
</testsuite> <!-- PratimaS.AppiumTest -->
